<?xml version="1.0" encoding="UTF-8"?>
<testsuite xmlns:xsi="http://www.w3.org/2001/XMLSchema-instance" xsi:noNamespaceSchemaLocation="https://maven.apache.org/surefire/maven-surefire-plugin/xsd/surefire-test-report.xsd" name="runners.MyRunner" time="17.159" tests="4" errors="2" skipped="1" failures="0">
  <properties>
[...]
</properties>
  <testcase name="Given that i am on the shopping website" classname="Scenario: add to basket" time="0.004"/>
  <testcase name="When i add an item to the basket" classname="Scenario: add to basket" time="0.012">
    <error message="element click intercepted: Element &lt;button type=&quot;submit&quot; name=&quot;add-to-cart&quot; value=&quot;29&quot; class=&quot;single_add_to_cart_button button alt&quot;&gt;...&lt;/button&gt; is not clickable at point (654, 560). Other element would receive the click: &lt;p class=&quot;woocommerce-store-notice demo_store&quot;&gt;...&lt;/p&gt;&#10;  (Session info: chrome=81.0.4044.138)&#10;Build info: version: &apos;3.11.0&apos;, revision: &apos;e59cfb3&apos;, time: &apos;2018-03-11T20:26:55.152Z&apos;&#10;System info: host: &apos;FHMKRYL&apos;, ip: &apos;192.168.1.21&apos;, os.name: &apos;Windows 10&apos;, os.arch: &apos;amd64&apos;, os.version: &apos;10.0&apos;, java.version: &apos;13.0.2&apos;&#10;Driver info: org.openqa.selenium.chrome.ChromeDriver&#10;Capabilities {acceptInsecureCerts: false, browserName: chrome, browserVersion: 81.0.4044.138, chrome: {chromedriverVersion: 81.0.4044.138 (8c6c7ba89cc9..., userDataDir: C:\Users\PC\AppData\Local\T...}, goog:chromeOptions: {debuggerAddress: localhost:59870}, javascriptEnabled: true, networkConnectionEnabled: false, pageLoadStrategy: normal, platform: WINDOWS, platformName: WINDOWS, proxy: Proxy(), setWindowRect: true, strictFileInteractability: false, timeouts: {implicit: 0, pageLoad: 300000, script: 30000}, unhandledPromptBehavior: dismiss and notify, webauthn:virtualAuthenticators: true}&#10;Session ID: 3f3bd3673ac6ba44dfc3abebe8b8f1b0" type="org.openqa.selenium.ElementClickInterceptedException"><![CDATA[org.openqa.selenium.ElementClickInterceptedException: 
element click intercepted: Element <button type="submit" name="add-to-cart" value="29" class="single_add_to_cart_button button alt">...</button> is not clickable at point (654, 560). Other element would receive the click: <p class="woocommerce-store-notice demo_store">...</p>
  (Session info: chrome=81.0.4044.138)
Build info: version: '3.11.0', revision: 'e59cfb3', time: '2018-03-11T20:26:55.152Z'
System info: host: 'FHMKRYL', ip: '192.168.1.21', os.name: 'Windows 10', os.arch: 'amd64', os.version: '10.0', java.version: '13.0.2'
Driver info: org.openqa.selenium.chrome.ChromeDriver
Capabilities {acceptInsecureCerts: false, browserName: chrome, browserVersion: 81.0.4044.138, chrome: {chromedriverVersion: 81.0.4044.138 (8c6c7ba89cc9..., userDataDir: C:\Users\PC\AppData\Local\T...}, goog:chromeOptions: {debuggerAddress: localhost:59870}, javascriptEnabled: true, networkConnectionEnabled: false, pageLoadStrategy: normal, platform: WINDOWS, platformName: WINDOWS, proxy: Proxy(), setWindowRect: true, strictFileInteractability: false, timeouts: {implicit: 0, pageLoad: 300000, script: 30000}, unhandledPromptBehavior: dismiss and notify, webauthn:virtualAuthenticators: true}
Session ID: 3f3bd3673ac6ba44dfc3abebe8b8f1b0
]]></error>
    <system-err><![CDATA[[1590318658.445][SEVERE]: Timed out receiving message from renderer: 0.100
[1590318658.547][SEVERE]: Timed out receiving message from renderer: 0.100
[1590318658.784][SEVERE]: Timed out receiving message from renderer: 0.100
[1590318658.886][SEVERE]: Timed out receiving message from renderer: 0.100
[1590318659.044][SEVERE]: Timed out receiving message from renderer: 0.100
[1590318659.240][SEVERE]: Timed out receiving message from renderer: 0.100
[1590318659.343][SEVERE]: Timed out receiving message from renderer: 0.100
[1590318659.579][SEVERE]: Timed out receiving message from renderer: 0.100
]]></system-err>
  </testcase>
  <testcase name="Scenario: add to basket" classname="Scenario: add to basket" time="0.013">
    <error message="element click intercepted: Element &lt;button type=&quot;submit&quot; name=&quot;add-to-cart&quot; value=&quot;29&quot; class=&quot;single_add_to_cart_button button alt&quot;&gt;...&lt;/button&gt; is not clickable at point (654, 560). Other element would receive the click: &lt;p class=&quot;woocommerce-store-notice demo_store&quot;&gt;...&lt;/p&gt;&#10;  (Session info: chrome=81.0.4044.138)&#10;Build info: version: &apos;3.11.0&apos;, revision: &apos;e59cfb3&apos;, time: &apos;2018-03-11T20:26:55.152Z&apos;&#10;System info: host: &apos;FHMKRYL&apos;, ip: &apos;192.168.1.21&apos;, os.name: &apos;Windows 10&apos;, os.arch: &apos;amd64&apos;, os.version: &apos;10.0&apos;, java.version: &apos;13.0.2&apos;&#10;Driver info: org.openqa.selenium.chrome.ChromeDriver&#10;Capabilities {acceptInsecureCerts: false, browserName: chrome, browserVersion: 81.0.4044.138, chrome: {chromedriverVersion: 81.0.4044.138 (8c6c7ba89cc9..., userDataDir: C:\Users\PC\AppData\Local\T...}, goog:chromeOptions: {debuggerAddress: localhost:59870}, javascriptEnabled: true, networkConnectionEnabled: false, pageLoadStrategy: normal, platform: WINDOWS, platformName: WINDOWS, proxy: Proxy(), setWindowRect: true, strictFileInteractability: false, timeouts: {implicit: 0, pageLoad: 300000, script: 30000}, unhandledPromptBehavior: dismiss and notify, webauthn:virtualAuthenticators: true}&#10;Session ID: 3f3bd3673ac6ba44dfc3abebe8b8f1b0" type="org.openqa.selenium.ElementClickInterceptedException"><![CDATA[org.openqa.selenium.ElementClickInterceptedException: 
element click intercepted: Element <button type="submit" name="add-to-cart" value="29" class="single_add_to_cart_button button alt">...</button> is not clickable at point (654, 560). Other element would receive the click: <p class="woocommerce-store-notice demo_store">...</p>
  (Session info: chrome=81.0.4044.138)
Build info: version: '3.11.0', revision: 'e59cfb3', time: '2018-03-11T20:26:55.152Z'
System info: host: 'FHMKRYL', ip: '192.168.1.21', os.name: 'Windows 10', os.arch: 'amd64', os.version: '10.0', java.version: '13.0.2'
Driver info: org.openqa.selenium.chrome.ChromeDriver
Capabilities {acceptInsecureCerts: false, browserName: chrome, browserVersion: 81.0.4044.138, chrome: {chromedriverVersion: 81.0.4044.138 (8c6c7ba89cc9..., userDataDir: C:\Users\PC\AppData\Local\T...}, goog:chromeOptions: {debuggerAddress: localhost:59870}, javascriptEnabled: true, networkConnectionEnabled: false, pageLoadStrategy: normal, platform: WINDOWS, platformName: WINDOWS, proxy: Proxy(), setWindowRect: true, strictFileInteractability: false, timeouts: {implicit: 0, pageLoad: 300000, script: 30000}, unhandledPromptBehavior: dismiss and notify, webauthn:virtualAuthenticators: true}
Session ID: 3f3bd3673ac6ba44dfc3abebe8b8f1b0
]]></error>
  </testcase>
  <testcase name="Then i can view the item in my basket" classname="Scenario: add to basket" time="0">
    <skipped/>
  </testcase>
</testsuite>